# JRE version: OpenJDK Runtime Environment (11.0.22+7) (build 11.0.22+7-post-Debian-1deb11u1)
# Java VM: OpenJDK 64-Bit Server VM (11.0.22+7-post-Debian-1deb11u1, mixed mode, sharing, tiered, compressed oops, g1 gc, linux-amd64)
Heap:
 garbage-first heap   total 774144K, used 147643K [0x0000000510c00000, 0x0000000800000000)
  region size 2048K, 59 young (120832K), 2 survivors (4096K)
 Metaspace       used 15747K, capacity 18145K, committed 18304K, reserved 1064960K
  class space    used 1631K, capacity 2379K, committed 2432K, reserved 1048576K
GC Heap History (6 events):
Event: 1,809 GC heap before
{Heap before GC invocations=0 (full 0):
 garbage-first heap   total 774144K, used 35536K [0x0000000510c00000, 0x0000000800000000)
  region size 2048K, 18 young (36864K), 0 survivors (0K)
 Metaspace       used 7608K, capacity 8049K, committed 8192K, reserved 1056768K
  class space    used 849K, capacity 936K, committed 1024K, reserved 1048576K
}
Event: 1,842 GC heap after
{Heap after GC invocations=1 (full 0):
 garbage-first heap   total 774144K, used 5030K [0x0000000510c00000, 0x0000000800000000)
  region size 2048K, 3 young (6144K), 3 survivors (6144K)
 Metaspace       used 7608K, capacity 8049K, committed 8192K, reserved 1056768K
  class space    used 849K, capacity 936K, committed 1024K, reserved 1048576K
}
Event: 2898,221 GC heap before
{Heap before GC invocations=1 (full 0):
 garbage-first heap   total 774144K, used 461734K [0x0000000510c00000, 0x0000000800000000)
  region size 2048K, 225 young (460800K), 3 survivors (6144K)
 Metaspace       used 14514K, capacity 15968K, committed 16128K, reserved 1062912K
  class space    used 1489K, capacity 1933K, committed 2048K, reserved 1048576K
}
Event: 2898,246 GC heap after
{Heap after GC invocations=2 (full 0):
 garbage-first heap   total 774144K, used 28915K [0x0000000510c00000, 0x0000000800000000)
  region size 2048K, 13 young (26624K), 13 survivors (26624K)
 Metaspace       used 14514K, capacity 15968K, committed 16128K, reserved 1062912K
  class space    used 1489K, capacity 1933K, committed 2048K, reserved 1048576K
}
Event: 4142,826 GC heap before
{Heap before GC invocations=2 (full 0):
 garbage-first heap   total 774144K, used 284915K [0x0000000510c00000, 0x0000000800000000)
  region size 2048K, 138 young (282624K), 13 survivors (26624K)
 Metaspace       used 15344K, capacity 17388K, committed 17664K, reserved 1064960K
  class space    used 1580K, capacity 2218K, committed 2304K, reserved 1048576K
}
Event: 4142,851 GC heap after
{Heap after GC invocations=3 (full 0):
 garbage-first heap   total 774144K, used 32955K [0x0000000510c00000, 0x0000000800000000)
  region size 2048K, 2 young (4096K), 2 survivors (4096K)
 Metaspace       used 15344K, capacity 17388K, committed 17664K, reserved 1064960K
  class space    used 1580K, capacity 2218K, committed 2304K, reserved 1048576K
}

